<?xml version="1.0" encoding="UTF-8"?>
<!-- Generated by org.testng.reporters.JUnitXMLReporter -->
<testsuite ignored="2" hostname="DESKTOP-QLFSHB3" failures="1" tests="2" name="Test" time="44.468" errors="0" timestamp="2022-12-02T07:47:58 IST">
  <testcase classname="com.testsripts.demoblaze.AddToCart" name="addToCartTest" time="6.106"/>
  <testcase classname="com.testsripts.demoblaze.DeleteProductFromCart" name="deleteProductFromCartTest" time="6.852">
    <failure type="java.lang.AssertionError" message="Product has not been deleted - Test failed expected [true] but found [false]">
      <![CDATA[java.lang.AssertionError: Product has not been deleted - Test failed expected [true] but found [false]
at com.testsripts.demoblaze.DeleteProductFromCart.deleteProductFromCartTest(DeleteProductFromCart.java:33)
at java.base/java.util.ArrayList.forEach(ArrayList.java:1511)
... Removed 30 stack frames]]>
    </failure>
  </testcase> <!-- deleteProductFromCartTest -->
  <testcase classname="com.genericlib.demoblaze.Base" name="@AfterTest configAS" time="0.0">
    <ignored/>
  </testcase> <!-- @AfterTest configAS -->
  <testcase classname="com.genericlib.demoblaze.Base" name="@BeforeTest configBS" time="0.0">
    <ignored/>
  </testcase> <!-- @BeforeTest configBS -->
</testsuite> <!-- Test -->
