<?xml version="1.0" encoding="UTF-8"?>
<testng-results ignored="0" total="1" passed="0" failed="1" skipped="0">
  <reporter-output>
    <line>
      <![CDATA[Launched the browser]]>
    </line>
    <line>
      <![CDATA[Logged in to the app]]>
    </line>
    <line>
      <![CDATA[Logged out from the app]]>
    </line>
    <line>
      <![CDATA[Closed the browser]]>
    </line>
  </reporter-output>
  <suite started-at="2022-12-09T19:52:54 IST" name="Default suite" finished-at="2022-12-09T19:53:17 IST" duration-ms="22627">
    <groups>
      <group name="smoke">
        <method signature="AddToCart.addToCartTest()[pri:0, instance:com.testsripts.demoblaze.AddToCart@2034b64c]" name="addToCartTest" class="com.testsripts.demoblaze.AddToCart"/>
      </group> <!-- smoke -->
    </groups>
    <test started-at="2022-12-09T19:52:54 IST" name="Default test" finished-at="2022-12-09T19:53:17 IST" duration-ms="22627">
      <class name="com.testsripts.demoblaze.AddToCart">
        <test-method is-config="true" signature="configBS()[pri:0, instance:com.testsripts.demoblaze.AddToCart@2034b64c]" started-at="2022-12-09T19:52:54 IST" name="configBS" finished-at="2022-12-09T19:53:03 IST" duration-ms="8640" status="PASS">
          <reporter-output>
            <line>
              <![CDATA[Launched the browser]]>
            </line>
          </reporter-output>
        </test-method> <!-- configBS -->
        <test-method is-config="true" signature="configBM()[pri:0, instance:com.testsripts.demoblaze.AddToCart@2034b64c]" started-at="2022-12-09T19:53:03 IST" name="configBM" finished-at="2022-12-09T19:53:11 IST" duration-ms="7904" status="PASS">
          <reporter-output>
            <line>
              <![CDATA[Logged in to the app]]>
            </line>
          </reporter-output>
        </test-method> <!-- configBM -->
        <test-method signature="addToCartTest()[pri:0, instance:com.testsripts.demoblaze.AddToCart@2034b64c]" started-at="2022-12-09T19:53:11 IST" name="addToCartTest" finished-at="2022-12-09T19:53:14 IST" duration-ms="3081" status="FAIL">
          <exception class="java.lang.AssertionError">
            <message>
              <![CDATA[expected [true] but found [false]]]>
            </message>
            <full-stacktrace>
              <![CDATA[java.lang.AssertionError: expected [true] but found [false]
at org.testng.Assert.fail(Assert.java:110)
at org.testng.Assert.failNotEquals(Assert.java:1413)
at org.testng.Assert.assertTrue(Assert.java:56)
at org.testng.Assert.assertTrue(Assert.java:66)
at com.testsripts.demoblaze.AddToCart.addToCartTest(AddToCart.java:33)
at java.base/jdk.internal.reflect.NativeMethodAccessorImpl.invoke0(Native Method)
at java.base/jdk.internal.reflect.NativeMethodAccessorImpl.invoke(NativeMethodAccessorImpl.java:77)
at java.base/jdk.internal.reflect.DelegatingMethodAccessorImpl.invoke(DelegatingMethodAccessorImpl.java:43)
at java.base/java.lang.reflect.Method.invoke(Method.java:568)
at org.testng.internal.invokers.MethodInvocationHelper.invokeMethod(MethodInvocationHelper.java:139)
at org.testng.internal.invokers.TestInvoker.invokeMethod(TestInvoker.java:677)
at org.testng.internal.invokers.TestInvoker.invokeTestMethod(TestInvoker.java:221)
at org.testng.internal.invokers.MethodRunner.runInSequence(MethodRunner.java:50)
at org.testng.internal.invokers.TestInvoker$MethodInvocationAgent.invoke(TestInvoker.java:962)
at org.testng.internal.invokers.TestInvoker.invokeTestMethods(TestInvoker.java:194)
at org.testng.internal.invokers.TestMethodWorker.invokeTestMethods(TestMethodWorker.java:148)
at org.testng.internal.invokers.TestMethodWorker.run(TestMethodWorker.java:128)
at java.base/java.util.ArrayList.forEach(ArrayList.java:1511)
at org.testng.TestRunner.privateRun(TestRunner.java:806)
at org.testng.TestRunner.run(TestRunner.java:601)
at org.testng.SuiteRunner.runTest(SuiteRunner.java:433)
at org.testng.SuiteRunner.runSequentially(SuiteRunner.java:427)
at org.testng.SuiteRunner.privateRun(SuiteRunner.java:387)
at org.testng.SuiteRunner.run(SuiteRunner.java:330)
at org.testng.SuiteRunnerWorker.runSuite(SuiteRunnerWorker.java:52)
at org.testng.SuiteRunnerWorker.run(SuiteRunnerWorker.java:95)
at org.testng.TestNG.runSuitesSequentially(TestNG.java:1256)
at org.testng.TestNG.runSuitesLocally(TestNG.java:1176)
at org.testng.TestNG.runSuites(TestNG.java:1099)
at org.testng.TestNG.run(TestNG.java:1067)
at org.testng.remote.AbstractRemoteTestNG.run(AbstractRemoteTestNG.java:115)
at org.testng.remote.RemoteTestNG.initAndRun(RemoteTestNG.java:251)
at org.testng.remote.RemoteTestNG.main(RemoteTestNG.java:77)
]]>
            </full-stacktrace>
          </exception> <!-- java.lang.AssertionError -->
          <reporter-output>
          </reporter-output>
        </test-method> <!-- addToCartTest -->
        <test-method is-config="true" signature="configAM()[pri:0, instance:com.testsripts.demoblaze.AddToCart@2034b64c]" started-at="2022-12-09T19:53:14 IST" name="configAM" finished-at="2022-12-09T19:53:16 IST" duration-ms="1449" status="PASS">
          <reporter-output>
            <line>
              <![CDATA[Logged out from the app]]>
            </line>
          </reporter-output>
        </test-method> <!-- configAM -->
        <test-method is-config="true" signature="configAS()[pri:0, instance:com.testsripts.demoblaze.AddToCart@2034b64c]" started-at="2022-12-09T19:53:16 IST" name="configAS" finished-at="2022-12-09T19:53:17 IST" duration-ms="931" status="PASS">
          <reporter-output>
            <line>
              <![CDATA[Closed the browser]]>
            </line>
          </reporter-output>
        </test-method> <!-- configAS -->
      </class> <!-- com.testsripts.demoblaze.AddToCart -->
    </test> <!-- Default test -->
  </suite> <!-- Default suite -->
</testng-results>
